app/build/outputs/apk/manifest-merger-debug-report.txt
-- Merging decision tree log ---
manifest
ADDED from AndroidManifest.xml:2:1
	xmlns:android
		ADDED from AndroidManifest.xml:2:11
	package
		ADDED from AndroidManifest.xml:2:124
		INJECTED from AndroidManifest.xml:0:0
		INJECTED from AndroidManifest.xml:0:0
	android:versionName
		ADDED from AndroidManifest.xml:2:96
	android:versionCode
		ADDED from AndroidManifest.xml:2:70
		INJECTED from AndroidManifest.xml:0:0
		INJECTED from AndroidManifest.xml:0:0
uses-sdk
ADDED from AndroidManifest.xml:3:5
MERGED from com.android.support:support-v4:21.0.3:15:5
	android:targetSdkVersion
		ADDED from AndroidManifest.xml:3:42
		INJECTED from AndroidManifest.xml:0:0
		INJECTED from AndroidManifest.xml:0:0
	android:minSdkVersion
		ADDED from AndroidManifest.xml:3:15
		INJECTED from AndroidManifest.xml:0:0
		INJECTED from AndroidManifest.xml:0:0
uses-permission#android.permission.READ_CONTACTS
ADDED from AndroidManifest.xml:5:5
	android:name
		ADDED from AndroidManifest.xml:5:22
uses-permission#android.permission.READ_PHONE_STATE
ADDED from AndroidManifest.xml:6:5
	android:name
		ADDED from AndroidManifest.xml:6:22
uses-permission#android.permission.SEND_SMS
ADDED from AndroidManifest.xml:8:5
	android:name
		ADDED from AndroidManifest.xml:8:22
uses-permission#android.permission.VIBRATE
ADDED from AndroidManifest.xml:9:5
	android:name
		ADDED from AndroidManifest.xml:9:22
uses-permission#android.permission.ACCESS_FINE_LOCATION
ADDED from AndroidManifest.xml:10:5
	android:name
		ADDED from AndroidManifest.xml:10:22
uses-permission#android.permission.ACCESS_COARSE_LOCATION
ADDED from AndroidManifest.xml:11:5
	android:name
		ADDED from AndroidManifest.xml:11:22
uses-permission#android.permission.RECEIVE_BOOT_COMPLETED
ADDED from AndroidManifest.xml:12:5
	android:name
		ADDED from AndroidManifest.xml:12:22
uses-permission#com.android.launcher.permission.INSTALL_SHORTCUT
ADDED from AndroidManifest.xml:13:5
	android:name
		ADDED from AndroidManifest.xml:13:22
uses-permission#com.android.launcher.permission.UNINSTALL_SHORTCUT
ADDED from AndroidManifest.xml:14:5
	android:name
		ADDED from AndroidManifest.xml:14:22
uses-permission#android.permission.WAKE_LOCK
ADDED from AndroidManifest.xml:15:5
	android:name
		ADDED from AndroidManifest.xml:15:22
uses-permission#android.permission.GET_TASKS
ADDED from AndroidManifest.xml:18:5
	android:name
		ADDED from AndroidManifest.xml:18:22
application
ADDED from AndroidManifest.xml:20:5
MERGED from com.android.support:support-v4:21.0.3:16:5
	android:label
		ADDED from AndroidManifest.xml:20:113
	android:debuggable
		ADDED from AndroidManifest.xml:20:45
	android:allowBackup
		ADDED from AndroidManifest.xml:20:18
	android:icon
		ADDED from AndroidManifest.xml:20:72
	android:theme
		ADDED from AndroidManifest.xml:20:189
	android:name
		ADDED from AndroidManifest.xml:20:146
activity#org.iilab.pb.HomeActivity
ADDED from AndroidManifest.xml:22:9
	android:screenOrientation
		ADDED from AndroidManifest.xml:22:146
	android:noHistory
		ADDED from AndroidManifest.xml:22:121
	android:label
		ADDED from AndroidManifest.xml:22:53
	android:excludeFromRecents
		ADDED from AndroidManifest.xml:22:19
	android:name
		ADDED from AndroidManifest.xml:22:92
intent-filter#android.intent.action.MAIN
ADDED from AndroidManifest.xml:23:13
action#android.intent.action.MAIN
ADDED from AndroidManifest.xml:24:17
	android:name
		ADDED from AndroidManifest.xml:24:25
activity-alias#org.iilab.pb.HomeActivity-setup
ADDED from AndroidManifest.xml:29:9
	android:label
		ADDED from AndroidManifest.xml:29:84
	android:icon
		ADDED from AndroidManifest.xml:29:48
	android:enabled
		ADDED from AndroidManifest.xml:29:25
	android:targetActivity
		ADDED from AndroidManifest.xml:29:158
	android:name
		ADDED from AndroidManifest.xml:29:123
intent-filter#android.intent.action.MAIN+android.intent.category.LAUNCHER
ADDED from AndroidManifest.xml:30:13
category#android.intent.category.LAUNCHER
ADDED from AndroidManifest.xml:32:17
	android:name
		ADDED from AndroidManifest.xml:32:27
activity-alias#org.iilab.pb.HomeActivity-calculator
ADDED from AndroidManifest.xml:36:9
	android:label
		ADDED from AndroidManifest.xml:36:90
	android:icon
		ADDED from AndroidManifest.xml:36:49
	android:enabled
		ADDED from AndroidManifest.xml:36:25
	android:targetActivity
		ADDED from AndroidManifest.xml:36:163
	android:name
		ADDED from AndroidManifest.xml:36:123
activity#org.iilab.pb.WizardActivity
ADDED from AndroidManifest.xml:43:9
	android:screenOrientation
		ADDED from AndroidManifest.xml:43:84
	android:excludeFromRecents
		ADDED from AndroidManifest.xml:43:19
	android:name
		ADDED from AndroidManifest.xml:43:53
activity#org.iilab.pb.WizardModalActivity
ADDED from AndroidManifest.xml:44:9
	android:screenOrientation
		ADDED from AndroidManifest.xml:44:89
	android:theme
		ADDED from AndroidManifest.xml:44:126
	android:excludeFromRecents
		ADDED from AndroidManifest.xml:44:19
	android:name
		ADDED from AndroidManifest.xml:44:53
activity#org.iilab.pb.CalculatorActivity
ADDED from AndroidManifest.xml:45:9
	android:screenOrientation
		ADDED from AndroidManifest.xml:45:120
	android:excludeFromRecents
		ADDED from AndroidManifest.xml:45:19
	android:name
		ADDED from AndroidManifest.xml:45:85
	android:launchMode
		ADDED from AndroidManifest.xml:45:53
activity#org.iilab.pb.LoginActivity
ADDED from AndroidManifest.xml:46:9
	android:screenOrientation
		ADDED from AndroidManifest.xml:46:108
	android:noHistory
		ADDED from AndroidManifest.xml:46:83
	android:excludeFromRecents
		ADDED from AndroidManifest.xml:46:19
	android:name
		ADDED from AndroidManifest.xml:46:53
activity#org.iilab.pb.MainActivity
ADDED from AndroidManifest.xml:47:9
	android:screenOrientation
		ADDED from AndroidManifest.xml:47:82
	android:excludeFromRecents
		ADDED from AndroidManifest.xml:47:19
	android:name
		ADDED from AndroidManifest.xml:47:53
activity#org.iilab.pb.MainModalActivity
ADDED from AndroidManifest.xml:48:9
	android:screenOrientation
		ADDED from AndroidManifest.xml:48:87
	android:theme
		ADDED from AndroidManifest.xml:48:124
	android:excludeFromRecents
		ADDED from AndroidManifest.xml:48:19
	android:name
		ADDED from AndroidManifest.xml:48:53
service#org.iilab.pb.trigger.HardwareTriggerService
ADDED from AndroidManifest.xml:50:9
	android:name
		ADDED from AndroidManifest.xml:50:18
receiver#org.iilab.pb.trigger.BootReceiver
ADDED from AndroidManifest.xml:52:9
	android:exported
		ADDED from AndroidManifest.xml:52:42
	android:enabled
		ADDED from AndroidManifest.xml:52:19
	android:name
		ADDED from AndroidManifest.xml:52:67
intent-filter#android.intent.action.BOOT_COMPLETED
ADDED from AndroidManifest.xml:53:13
action#android.intent.action.BOOT_COMPLETED
ADDED from AndroidManifest.xml:54:17
	android:name
		ADDED from AndroidManifest.xml:54:25
receiver#org.iilab.pb.location.LocationUpdateReceiver
ADDED from AndroidManifest.xml:58:9
	android:exported
		ADDED from AndroidManifest.xml:58:42
	android:enabled
		ADDED from AndroidManifest.xml:58:19
	android:name
		ADDED from AndroidManifest.xml:58:67
intent-filter#org.iilab.pb.LOCATION_UPDATE_ACTION
ADDED from AndroidManifest.xml:59:13
action#org.iilab.pb.LOCATION_UPDATE_ACTION
ADDED from AndroidManifest.xml:60:17
	android:name
		ADDED from AndroidManifest.xml:60:25
receiver#org.iilab.pb.alert.AlarmReceiver
ADDED from AndroidManifest.xml:64:9
	android:exported
		ADDED from AndroidManifest.xml:64:42
	android:enabled
		ADDED from AndroidManifest.xml:64:19
	android:name
		ADDED from AndroidManifest.xml:64:67
intent-filter#org.iilab.pb.SEND_ALERT_ACTION
ADDED from AndroidManifest.xml:65:13
action#org.iilab.pb.SEND_ALERT_ACTION
ADDED from AndroidManifest.xml:66:17
	android:name
		ADDED from AndroidManifest.xml:66:25
intent-filter#org.iilab.pb.SEND_ALERT_ACTION_SINGLE
ADDED from AndroidManifest.xml:68:13
action#org.iilab.pb.SEND_ALERT_ACTION_SINGLE
ADDED from AndroidManifest.xml:69:17
	android:name
		ADDED from AndroidManifest.xml:69:25